Unity Editor version:    2020.3.21f1 (a38c86f6690f)
Branch:                  2020.3/staging
Build type:              Release
Batch mode:              YES
macOS version:           Version 11.6 (Build 20G165)
Darwin version:          20.6.0
Architecture:            x86_64
Running under Rosetta:   NO
Available memory:        8192 MB
Using pre-set license
Pro License: NO

COMMAND LINE ARGUMENTS:
/Applications/Unity/Hub/Editor/2020.3.21f1/Unity.app/Contents/MacOS/Unity
-adb2
-batchMode
-noUpm
-name
AssetImportWorker0
-projectPath
/Users/pierpaolomolino/Desktop/Unity/e-HealthGame
-logFile
Logs/AssetImportWorker0.log
-srvPort
50423
Successfully changed project path to: /Users/pierpaolomolino/Desktop/Unity/e-HealthGame
/Users/pierpaolomolino/Desktop/Unity/e-HealthGame
Using Asset Import Pipeline V2.
Refreshing native plugins compatible for Editor in 191.76 ms, found 2 plugins.
Preloading 0 native plugins for Editor in 0.00 ms.
Initialize engine version: 2020.3.21f1 (a38c86f6690f)
[Subsystems] Discovering subsystems at path /Applications/Unity/Hub/Editor/2020.3.21f1/Unity.app/Contents/Resources/UnitySubsystems
[Subsystems] Discovering subsystems at path /Users/pierpaolomolino/Desktop/Unity/e-HealthGame/Assets
GfxDevice: creating device client; threaded=0
2021-12-15 11:31:39.969 Unity[7453:116933] Color LCD preferred device: Intel(R) Iris(TM) Graphics 550 (low power)
2021-12-15 11:31:39.969 Unity[7453:116933] Metal devices available: 1
2021-12-15 11:31:39.970 Unity[7453:116933] 0: Intel(R) Iris(TM) Graphics 550 (low power)
2021-12-15 11:31:39.970 Unity[7453:116933] Using device Intel(R) Iris(TM) Graphics 550 (low power)
Initializing Metal device caps: Intel(R) Iris(TM) Graphics 550
Initialize mono
Mono path[0] = '/Applications/Unity/Hub/Editor/2020.3.21f1/Unity.app/Contents/Managed'
Mono path[1] = '/Applications/Unity/Hub/Editor/2020.3.21f1/Unity.app/Contents/MonoBleedingEdge/lib/mono/unityjit'
Mono config path = '/Applications/Unity/Hub/Editor/2020.3.21f1/Unity.app/Contents/MonoBleedingEdge/etc'
Using monoOptions --debugger-agent=transport=dt_socket,embedding=1,server=y,suspend=n,address=127.0.0.1:56453
Begin MonoManager ReloadAssembly
Registering precompiled unity dll's ...
Register platform support module: /Applications/Unity/Hub/Editor/2020.3.21f1/Unity.app/Contents/PlaybackEngines/MacStandaloneSupport/UnityEditor.OSXStandalone.Extensions.dll
Registered in 0.005113 seconds.
Native extension for OSXStandalone target not found
Refreshing native plugins compatible for Editor in 155.54 ms, found 2 plugins.
Preloading 0 native plugins for Editor in 0.00 ms.
Mono: successfully reloaded assembly
- Completed reload, in  8.551 seconds
Domain Reload Profiling:
	ReloadAssembly (8551ms)
		BeginReloadAssembly (115ms)
			ExecutionOrderSort (0ms)
			DisableScriptedObjects (0ms)
			BackupInstance (0ms)
			ReleaseScriptingObjects (0ms)
			CreateAndSetChildDomain (1ms)
		EndReloadAssembly (1238ms)
			LoadAssemblies (133ms)
			RebuildTransferFunctionScriptingTraits (0ms)
			SetupTypeCache (437ms)
			ReleaseScriptCaches (0ms)
			RebuildScriptCaches (92ms)
			SetupLoadedEditorAssemblies (500ms)
				LogAssemblyErrors (0ms)
				InitializePlatformSupportModulesInManaged (8ms)
				SetLoadedEditorAssemblies (0ms)
				RefreshPlugins (156ms)
				BeforeProcessingInitializeOnLoad (22ms)
				ProcessInitializeOnLoadAttributes (241ms)
				ProcessInitializeOnLoadMethodAttributes (71ms)
				AfterProcessingInitializeOnLoad (0ms)
				EditorAssembliesLoaded (0ms)
			ExecutionOrderSort2 (0ms)
			AwakeInstancesAfterBackupRestoration (0ms)
Platform modules already initialized, skipping
Registering precompiled user dll's ...
Registered in 0.014691 seconds.
Begin MonoManager ReloadAssembly
Native extension for OSXStandalone target not found
Refreshing native plugins compatible for Editor in 97.51 ms, found 2 plugins.
Preloading 0 native plugins for Editor in 0.00 ms.
Mono: successfully reloaded assembly
- Completed reload, in  2.160 seconds
Domain Reload Profiling:
	ReloadAssembly (2163ms)
		BeginReloadAssembly (294ms)
			ExecutionOrderSort (0ms)
			DisableScriptedObjects (9ms)
			BackupInstance (0ms)
			ReleaseScriptingObjects (0ms)
			CreateAndSetChildDomain (62ms)
		EndReloadAssembly (1759ms)
			LoadAssemblies (308ms)
			RebuildTransferFunctionScriptingTraits (0ms)
			SetupTypeCache (593ms)
			ReleaseScriptCaches (1ms)
			RebuildScriptCaches (129ms)
			SetupLoadedEditorAssemblies (554ms)
				LogAssemblyErrors (0ms)
				InitializePlatformSupportModulesInManaged (6ms)
				SetLoadedEditorAssemblies (0ms)
				RefreshPlugins (98ms)
				BeforeProcessingInitializeOnLoad (100ms)
				ProcessInitializeOnLoadAttributes (328ms)
				ProcessInitializeOnLoadMethodAttributes (19ms)
				AfterProcessingInitializeOnLoad (2ms)
				EditorAssembliesLoaded (0ms)
			ExecutionOrderSort2 (0ms)
			AwakeInstancesAfterBackupRestoration (13ms)
Platform modules already initialized, skipping
Validating Project structure ... 0.033812 seconds.
Shader import version has changed; will reimport all shaders...
Upgrading shader files ...0.074940 seconds.
Application.AssetDatabase Initial Script Refresh Start
RefreshInfo: InitialScriptRefreshV2(NoUpdateAssetOptions) scanfilter:  ... 1 filters
RefreshProfiler: Total: 0.000ms
Application.AssetDatabase Initial Script Refresh End
Application.AssetDatabase.Refresh Start
Application.AssetDatabase.Refresh End
RefreshInfo: StopAssetImportingV2(ForceSynchronousImport) scanfilter: 
RefreshProfiler: Total: 0.000ms
Launching external process: /Applications/Unity/Hub/Editor/2020.3.21f1/Unity.app/Contents/Tools/UnityShaderCompiler
Launched and connected shader compiler UnityShaderCompiler after 0.05 seconds
Initializing Unity extensions:
========================================================================
Worker process is ready to serve import requests
Refreshing native plugins compatible for Editor in 1.30 ms, found 2 plugins.
Preloading 0 native plugins for Editor in 0.00 ms.
Unloading 3378 Unused Serialized files (Serialized files now loaded: 0)
System memory in use before: 370.1 MB.
System memory in use after: 369.8 MB.

Unloading 168 unused Assets to reduce memory usage. Loaded Objects now: 3881.
Total: 5.571763 ms (FindLiveObjects: 0.524766 ms CreateObjectMapping: 0.255317 ms MarkObjects: 4.419839 ms  DeleteObjects: 0.370355 ms)

AssetImportParameters requested are different than current active one (requested -> active):
  custom:video-decoder-ogg-theora: a1e56fd34408186e4bbccfd4996cb3dc -> 
  custom:container-muxer-webm: aa71ff27fc2769a1b78a27578f13a17b -> 
  custom:container-demuxer-webm: 4f35f7cbe854078d1ac9338744f61a02 -> 
  custom:container-demuxer-ogg: 62fdf1f143b41e24485cea50d1cbac27 -> 
  custom:video-encoder-webm-vp8: eb34c28f22e8b96e1ab97ce403110664 -> 
  custom:framework-osx-AVFoundation: e770b220cccbd017edd2c1fefb359320 -> 
  custom:video-decoder-webm-vp8: 9c59270c3fd7afecdb556c50c9e8de78 -> 
  custom:audio-decoder-ogg-vorbis: bf7c407c2cedff20999df2af8eb42d56 -> 
  custom:audio-encoder-webm-vorbis: bf7c407c2cedff20999df2af8eb42d56 -> 
========================================================================
Received Import Request.
  path: Assets/Mondi/Neve/snow.mat
  artifactKey: Guid(547a714b0dcd7400198af2f9ee8bdaa7) Importer(815301076,1909f56bfc062723c751e8b465ee728b)
Start importing Assets/Mondi/Neve/snow.mat using Guid(547a714b0dcd7400198af2f9ee8bdaa7) Importer(815301076,1909f56bfc062723c751e8b465ee728b)  -> (artifact id: '144f01414757392e5bda982a2343e7e4') in 1.293761 seconds 
  Import took 1.302341 seconds .

========================================================================
Received Import Request.
  Time since last request: 296.353711 seconds.
  path: Assets/Mondi/Neve/snow 1.mat
  artifactKey: Guid(68e205d34ba6d4c64bf43cd806639ff7) Importer(815301076,1909f56bfc062723c751e8b465ee728b)
Start importing Assets/Mondi/Neve/snow 1.mat using Guid(68e205d34ba6d4c64bf43cd806639ff7) Importer(815301076,1909f56bfc062723c751e8b465ee728b)  -> (artifact id: '51d8d2524e02b89047ec1c7085bdda3c') in 0.049094 seconds 
  Import took 0.063493 seconds .

========================================================================
Received Import Request.
  Time since last request: 0.001930 seconds.
  path: Assets/Mondi/Neve/snow.mat
  artifactKey: Guid(547a714b0dcd7400198af2f9ee8bdaa7) Importer(815301076,1909f56bfc062723c751e8b465ee728b)
Start importing Assets/Mondi/Neve/snow.mat using Guid(547a714b0dcd7400198af2f9ee8bdaa7) Importer(815301076,1909f56bfc062723c751e8b465ee728b)  -> (artifact id: '96953b3202677d7e62252ce132be1abc') in 0.022432 seconds 
  Import took 0.036629 seconds .

========================================================================
Received Import Request.
  Time since last request: 385.748290 seconds.
  path: Assets/Mondi/Mondo Natale neve plane.prefab
  artifactKey: Guid(21a112bb6ba5f45548efbcc7d53323c1) Importer(815301076,1909f56bfc062723c751e8b465ee728b)
Start importing Assets/Mondi/Mondo Natale neve plane.prefab using Guid(21a112bb6ba5f45548efbcc7d53323c1) Importer(815301076,1909f56bfc062723c751e8b465ee728b)  -> (artifact id: 'f0e47d1c8375415b92f07d89107ead1f') in 9.175028 seconds 
  Import took 9.284004 seconds .

